<?xml version="1.0" encoding="UTF-8"?>
<!-- Generated by org.testng.reporters.JUnitXMLReporter -->
<testsuite ignored="0" hostname="SelfTech-027" failures="1" tests="1" name="Error message" time="4.163" errors="0" timestamp="2022-12-20T19:13:40 IST">
  <testcase classname="RahulShetty.SeleniumFrameworkShopping.ErrorValidations" name="submitOrder" time="0.553">
    <failure type="java.lang.AssertionError" message="expected [Incorrect email or password.] but found [Incorrect email 12or password.]">
      <![CDATA[java.lang.AssertionError: expected [Incorrect email or password.] but found [Incorrect email 12or password.]
at RahulShetty.SeleniumFrameworkShopping.ErrorValidations.submitOrder(ErrorValidations.java:18)
at java.base/java.util.ArrayList.forEach(ArrayList.java:1511)
... Removed 33 stack frames]]>
    </failure>
  </testcase> <!-- submitOrder -->
</testsuite> <!-- Error message -->
